E, [2015-12-14T20:26:58.127574 #17418] ERROR -- Kitchen: ------Exception-------
E, [2015-12-14T20:26:58.127720 #17418] ERROR -- Kitchen: Class: Kitchen::UserError
E, [2015-12-14T20:26:58.127777 #17418] ERROR -- Kitchen: Message: Kitchen YAML file /root/cookbooks/workstation/recipes/.kitchen.yml does not exist.
E, [2015-12-14T20:26:58.127825 #17418] ERROR -- Kitchen: ------Backtrace-------
E, [2015-12-14T20:26:58.127887 #17418] ERROR -- Kitchen: /opt/chefdk/embedded/lib/ruby/gems/2.1.0/gems/test-kitchen-1.4.2/lib/kitchen/loader/yaml.rb:74:in `read'
E, [2015-12-14T20:26:58.127939 #17418] ERROR -- Kitchen: /opt/chefdk/embedded/lib/ruby/gems/2.1.0/gems/test-kitchen-1.4.2/lib/kitchen/config.rb:145:in `data'
E, [2015-12-14T20:26:58.128241 #17418] ERROR -- Kitchen: /opt/chefdk/embedded/lib/ruby/gems/2.1.0/gems/test-kitchen-1.4.2/lib/kitchen/config.rb:124:in `suites'
E, [2015-12-14T20:26:58.128308 #17418] ERROR -- Kitchen: /opt/chefdk/embedded/lib/ruby/gems/2.1.0/gems/test-kitchen-1.4.2/lib/kitchen/config.rb:175:in `filter_instances'
E, [2015-12-14T20:26:58.128357 #17418] ERROR -- Kitchen: /opt/chefdk/embedded/lib/ruby/gems/2.1.0/gems/test-kitchen-1.4.2/lib/kitchen/config.rb:134:in `build_instances'
E, [2015-12-14T20:26:58.128403 #17418] ERROR -- Kitchen: /opt/chefdk/embedded/lib/ruby/gems/2.1.0/gems/test-kitchen-1.4.2/lib/kitchen/config.rb:110:in `instances'
E, [2015-12-14T20:26:58.128449 #17418] ERROR -- Kitchen: /opt/chefdk/embedded/lib/ruby/gems/2.1.0/gems/test-kitchen-1.4.2/lib/kitchen/command.rb:115:in `filtered_instances'
E, [2015-12-14T20:26:58.128494 #17418] ERROR -- Kitchen: /opt/chefdk/embedded/lib/ruby/gems/2.1.0/gems/test-kitchen-1.4.2/lib/kitchen/command.rb:145:in `parse_subcommand'
E, [2015-12-14T20:26:58.128539 #17418] ERROR -- Kitchen: /opt/chefdk/embedded/lib/ruby/gems/2.1.0/gems/test-kitchen-1.4.2/lib/kitchen/command/login.rb:32:in `call'
E, [2015-12-14T20:26:58.128584 #17418] ERROR -- Kitchen: /opt/chefdk/embedded/lib/ruby/gems/2.1.0/gems/test-kitchen-1.4.2/lib/kitchen/cli.rb:56:in `perform'
E, [2015-12-14T20:26:58.128629 #17418] ERROR -- Kitchen: /opt/chefdk/embedded/lib/ruby/gems/2.1.0/gems/test-kitchen-1.4.2/lib/kitchen/cli.rb:224:in `login'
E, [2015-12-14T20:26:58.128674 #17418] ERROR -- Kitchen: /opt/chefdk/embedded/lib/ruby/gems/2.1.0/gems/thor-0.19.1/lib/thor/command.rb:27:in `run'
E, [2015-12-14T20:26:58.128719 #17418] ERROR -- Kitchen: /opt/chefdk/embedded/lib/ruby/gems/2.1.0/gems/thor-0.19.1/lib/thor/invocation.rb:126:in `invoke_command'
E, [2015-12-14T20:26:58.128765 #17418] ERROR -- Kitchen: /opt/chefdk/embedded/lib/ruby/gems/2.1.0/gems/test-kitchen-1.4.2/lib/kitchen/cli.rb:308:in `invoke_task'
E, [2015-12-14T20:26:58.128810 #17418] ERROR -- Kitchen: /opt/chefdk/embedded/lib/ruby/gems/2.1.0/gems/thor-0.19.1/lib/thor.rb:359:in `dispatch'
E, [2015-12-14T20:26:58.128855 #17418] ERROR -- Kitchen: /opt/chefdk/embedded/lib/ruby/gems/2.1.0/gems/thor-0.19.1/lib/thor/base.rb:440:in `start'
E, [2015-12-14T20:26:58.128942 #17418] ERROR -- Kitchen: /opt/chefdk/embedded/lib/ruby/gems/2.1.0/gems/test-kitchen-1.4.2/bin/kitchen:13:in `block in <top (required)>'
E, [2015-12-14T20:26:58.128989 #17418] ERROR -- Kitchen: /opt/chefdk/embedded/lib/ruby/gems/2.1.0/gems/test-kitchen-1.4.2/lib/kitchen/errors.rb:154:in `with_friendly_errors'
E, [2015-12-14T20:26:58.129054 #17418] ERROR -- Kitchen: /opt/chefdk/embedded/lib/ruby/gems/2.1.0/gems/test-kitchen-1.4.2/bin/kitchen:13:in `<top (required)>'
E, [2015-12-14T20:26:58.129102 #17418] ERROR -- Kitchen: /usr/bin/kitchen:14:in `load'
E, [2015-12-14T20:26:58.129146 #17418] ERROR -- Kitchen: /usr/bin/kitchen:14:in `<main>'
E, [2015-12-14T20:26:58.129190 #17418] ERROR -- Kitchen: ----------------------
